<?xml version="1.0" encoding="UTF-8" ?>
<testsuite failures="0" time="2.255" errors="0" skipped="0" tests="6" name="com.gmail.spraetz.ChargeSpellbookTest">
  <properties>
    <property name="java.runtime.name" value="Java(TM) SE Runtime Environment"/>
    <property name="sun.boot.library.path" value="/Library/Java/JavaVirtualMachines/jdk1.7.0_51.jdk/Contents/Home/jre/lib"/>
    <property name="java.vm.version" value="24.51-b03"/>
    <property name="gopherProxySet" value="false"/>
    <property name="java.vm.vendor" value="Oracle Corporation"/>
    <property name="java.vendor.url" value="http://java.oracle.com/"/>
    <property name="path.separator" value=":"/>
    <property name="java.vm.name" value="Java HotSpot(TM) 64-Bit Server VM"/>
    <property name="file.encoding.pkg" value="sun.io"/>
    <property name="user.country" value="US"/>
    <property name="sun.java.launcher" value="SUN_STANDARD"/>
    <property name="sun.os.patch.level" value="unknown"/>
    <property name="java.vm.specification.name" value="Java Virtual Machine Specification"/>
    <property name="user.dir" value="/Users/spraetz/dev/MineCraftSpells"/>
    <property name="java.runtime.version" value="1.7.0_51-b13"/>
    <property name="java.awt.graphicsenv" value="sun.awt.CGraphicsEnvironment"/>
    <property name="basedir" value="/Users/spraetz/dev/MineCraftSpells"/>
    <property name="java.endorsed.dirs" value="/Library/Java/JavaVirtualMachines/jdk1.7.0_51.jdk/Contents/Home/jre/lib/endorsed"/>
    <property name="os.arch" value="x86_64"/>
    <property name="surefire.real.class.path" value="/var/folders/wr/nmgyr2_n1ls2cx3z3y7phl4c0000gn/T/surefirebooter3822806075622066586.jar"/>
    <property name="java.io.tmpdir" value="/var/folders/wr/nmgyr2_n1ls2cx3z3y7phl4c0000gn/T/"/>
    <property name="line.separator" value="
"/>
    <property name="java.vm.specification.vendor" value="Oracle Corporation"/>
    <property name="os.name" value="Mac OS X"/>
    <property name="sun.jnu.encoding" value="UTF-8"/>
    <property name="java.library.path" value="/Users/spraetz/Library/Java/Extensions:/Library/Java/Extensions:/Network/Library/Java/Extensions:/System/Library/Java/Extensions:/usr/lib/java:."/>
    <property name="surefire.test.class.path" value="/Users/spraetz/dev/MineCraftSpells/target/test-classes:/Users/spraetz/dev/MineCraftSpells/target/classes:/Users/spraetz/.m2/repository/org/bukkit/bukkit/1.7.2-R0.3-SNAPSHOT/bukkit-1.7.2-R0.3-SNAPSHOT.jar:/Users/spraetz/.m2/repository/io/keen/keen-client-api-java/1.0.7/keen-client-api-java-1.0.7.jar:/Users/spraetz/.m2/repository/com/fasterxml/jackson/core/jackson-databind/2.1.0/jackson-databind-2.1.0.jar:/Users/spraetz/.m2/repository/com/fasterxml/jackson/core/jackson-core/2.1.0/jackson-core-2.1.0.jar:/Users/spraetz/.m2/repository/com/fasterxml/jackson/core/jackson-annotations/2.1.0/jackson-annotations-2.1.0.jar:/Users/spraetz/.m2/repository/commons-codec/commons-codec/1.8/commons-codec-1.8.jar:/Users/spraetz/.m2/repository/junit/junit/4.8.2/junit-4.8.2.jar:/Users/spraetz/.m2/repository/org/powermock/powermock-module-junit4/1.4.9/powermock-module-junit4-1.4.9.jar:/Users/spraetz/.m2/repository/org/powermock/powermock-module-junit4-common/1.4.9/powermock-module-junit4-common-1.4.9.jar:/Users/spraetz/.m2/repository/org/powermock/powermock-core/1.4.9/powermock-core-1.4.9.jar:/Users/spraetz/.m2/repository/org/javassist/javassist/3.14.0-GA/javassist-3.14.0-GA.jar:/Users/spraetz/.m2/repository/org/powermock/powermock-reflect/1.4.9/powermock-reflect-1.4.9.jar:/Users/spraetz/.m2/repository/org/objenesis/objenesis/1.2/objenesis-1.2.jar:/Users/spraetz/.m2/repository/org/powermock/powermock-api-mockito/1.4.9/powermock-api-mockito-1.4.9.jar:/Users/spraetz/.m2/repository/org/mockito/mockito-all/1.8.5/mockito-all-1.8.5.jar:/Users/spraetz/.m2/repository/org/powermock/powermock-api-support/1.4.9/powermock-api-support-1.4.9.jar:/Users/spraetz/.m2/repository/com/comphenix/protocol/ProtocolLib/3.2.0/ProtocolLib-3.2.0.jar:/Users/spraetz/.m2/repository/cglib/cglib-nodep/2.2.2/cglib-nodep-2.2.2.jar:/Users/spraetz/.m2/repository/com/comphenix/executors/BukkitExecutors/1.0.0/BukkitExecutors-1.0.0.jar:/Users/spraetz/.m2/repository/com/comphenix/packetwrapper/PacketWrapper/1.7.2-R0.3/PacketWrapper-1.7.2-R0.3.jar:"/>
    <property name="java.specification.name" value="Java Platform API Specification"/>
    <property name="java.class.version" value="51.0"/>
    <property name="sun.management.compiler" value="HotSpot 64-Bit Tiered Compilers"/>
    <property name="os.version" value="10.8.4"/>
    <property name="http.nonProxyHosts" value="local|*.local|169.254/16|*.169.254/16"/>
    <property name="user.home" value="/Users/spraetz"/>
    <property name="user.timezone" value=""/>
    <property name="java.awt.printerjob" value="sun.lwawt.macosx.CPrinterJob"/>
    <property name="java.specification.version" value="1.7"/>
    <property name="file.encoding" value="US-ASCII"/>
    <property name="user.name" value="spraetz"/>
    <property name="java.class.path" value="/Users/spraetz/dev/MineCraftSpells/target/test-classes:/Users/spraetz/dev/MineCraftSpells/target/classes:/Users/spraetz/.m2/repository/org/bukkit/bukkit/1.7.2-R0.3-SNAPSHOT/bukkit-1.7.2-R0.3-SNAPSHOT.jar:/Users/spraetz/.m2/repository/io/keen/keen-client-api-java/1.0.7/keen-client-api-java-1.0.7.jar:/Users/spraetz/.m2/repository/com/fasterxml/jackson/core/jackson-databind/2.1.0/jackson-databind-2.1.0.jar:/Users/spraetz/.m2/repository/com/fasterxml/jackson/core/jackson-core/2.1.0/jackson-core-2.1.0.jar:/Users/spraetz/.m2/repository/com/fasterxml/jackson/core/jackson-annotations/2.1.0/jackson-annotations-2.1.0.jar:/Users/spraetz/.m2/repository/commons-codec/commons-codec/1.8/commons-codec-1.8.jar:/Users/spraetz/.m2/repository/junit/junit/4.8.2/junit-4.8.2.jar:/Users/spraetz/.m2/repository/org/powermock/powermock-module-junit4/1.4.9/powermock-module-junit4-1.4.9.jar:/Users/spraetz/.m2/repository/org/powermock/powermock-module-junit4-common/1.4.9/powermock-module-junit4-common-1.4.9.jar:/Users/spraetz/.m2/repository/org/powermock/powermock-core/1.4.9/powermock-core-1.4.9.jar:/Users/spraetz/.m2/repository/org/javassist/javassist/3.14.0-GA/javassist-3.14.0-GA.jar:/Users/spraetz/.m2/repository/org/powermock/powermock-reflect/1.4.9/powermock-reflect-1.4.9.jar:/Users/spraetz/.m2/repository/org/objenesis/objenesis/1.2/objenesis-1.2.jar:/Users/spraetz/.m2/repository/org/powermock/powermock-api-mockito/1.4.9/powermock-api-mockito-1.4.9.jar:/Users/spraetz/.m2/repository/org/mockito/mockito-all/1.8.5/mockito-all-1.8.5.jar:/Users/spraetz/.m2/repository/org/powermock/powermock-api-support/1.4.9/powermock-api-support-1.4.9.jar:/Users/spraetz/.m2/repository/com/comphenix/protocol/ProtocolLib/3.2.0/ProtocolLib-3.2.0.jar:/Users/spraetz/.m2/repository/cglib/cglib-nodep/2.2.2/cglib-nodep-2.2.2.jar:/Users/spraetz/.m2/repository/com/comphenix/executors/BukkitExecutors/1.0.0/BukkitExecutors-1.0.0.jar:/Users/spraetz/.m2/repository/com/comphenix/packetwrapper/PacketWrapper/1.7.2-R0.3/PacketWrapper-1.7.2-R0.3.jar:"/>
    <property name="java.vm.specification.version" value="1.7"/>
    <property name="sun.arch.data.model" value="64"/>
    <property name="java.home" value="/Library/Java/JavaVirtualMachines/jdk1.7.0_51.jdk/Contents/Home/jre"/>
    <property name="sun.java.command" value="/var/folders/wr/nmgyr2_n1ls2cx3z3y7phl4c0000gn/T/surefirebooter3822806075622066586.jar /var/folders/wr/nmgyr2_n1ls2cx3z3y7phl4c0000gn/T/surefire7954240581945534735tmp /var/folders/wr/nmgyr2_n1ls2cx3z3y7phl4c0000gn/T/surefire6847184097586539604tmp"/>
    <property name="java.specification.vendor" value="Oracle Corporation"/>
    <property name="user.language" value="en"/>
    <property name="awt.toolkit" value="sun.lwawt.macosx.LWCToolkit"/>
    <property name="java.vm.info" value="mixed mode"/>
    <property name="java.version" value="1.7.0_51"/>
    <property name="java.ext.dirs" value="/Users/spraetz/Library/Java/Extensions:/Library/Java/JavaVirtualMachines/jdk1.7.0_51.jdk/Contents/Home/jre/lib/ext:/Library/Java/Extensions:/Network/Library/Java/Extensions:/System/Library/Java/Extensions:/usr/lib/java"/>
    <property name="sun.boot.class.path" value="/Library/Java/JavaVirtualMachines/jdk1.7.0_51.jdk/Contents/Home/jre/lib/resources.jar:/Library/Java/JavaVirtualMachines/jdk1.7.0_51.jdk/Contents/Home/jre/lib/rt.jar:/Library/Java/JavaVirtualMachines/jdk1.7.0_51.jdk/Contents/Home/jre/lib/sunrsasign.jar:/Library/Java/JavaVirtualMachines/jdk1.7.0_51.jdk/Contents/Home/jre/lib/jsse.jar:/Library/Java/JavaVirtualMachines/jdk1.7.0_51.jdk/Contents/Home/jre/lib/jce.jar:/Library/Java/JavaVirtualMachines/jdk1.7.0_51.jdk/Contents/Home/jre/lib/charsets.jar:/Library/Java/JavaVirtualMachines/jdk1.7.0_51.jdk/Contents/Home/jre/lib/jfr.jar:/Library/Java/JavaVirtualMachines/jdk1.7.0_51.jdk/Contents/Home/jre/classes"/>
    <property name="java.vendor" value="Oracle Corporation"/>
    <property name="localRepository" value="/Users/spraetz/.m2/repository"/>
    <property name="file.separator" value="/"/>
    <property name="java.vendor.url.bug" value="http://bugreport.sun.com/bugreport/"/>
    <property name="sun.cpu.endian" value="little"/>
    <property name="sun.io.unicode.encoding" value="UnicodeBig"/>
    <property name="socksNonProxyHosts" value="local|*.local|169.254/16|*.169.254/16"/>
    <property name="ftp.nonProxyHosts" value="local|*.local|169.254/16|*.169.254/16"/>
    <property name="sun.cpu.isalist" value=""/>
  </properties>
  <testcase time="0.472" classname="com.gmail.spraetz.ChargeSpellbookTest" name="testChargeSpellAtMaxCharges"/>
  <testcase time="0.019" classname="com.gmail.spraetz.ChargeSpellbookTest" name="testChargeSpellbookTooManySpells"/>
  <testcase time="0.016" classname="com.gmail.spraetz.ChargeSpellbookTest" name="testChargeNewSpellbook"/>
  <testcase time="0.063" classname="com.gmail.spraetz.ChargeSpellbookTest" name="testRechargeSpellbook"/>
  <testcase time="0.014" classname="com.gmail.spraetz.ChargeSpellbookTest" name="testChargeSpellbookNoReagents"/>
  <testcase time="0.117" classname="com.gmail.spraetz.ChargeSpellbookTest" name="testChargeSpellbook"/>
</testsuite>